生成启动时间为 2023/2/8 18:11:44。
     1>项目“C:\Users\谨旭\Desktop\c语言\project2\project2\project2.vcxproj”在节点 2 上(build 个目标)。
     1>InitializeBuildStatus:
         正在创建“Debug\project2.unsuccessfulbuild”，因为已指定“AlwaysCreate”。
       ClCompile:
         D:\c语言\VS2010\VC\bin\CL.exe /c /ZI /nologo /W3 /WX- /Od /Oy- /D _MBCS /Gm /EHsc /RTC1 /MDd /GS /fp:precise /Zc:wchar_t /Zc:forScope /Fo"Debug\\" /Fd"Debug\vc100.pdb" /Gd /TC /analyze- /errorReport:prompt test.c
         test.c
       Link:
         D:\c语言\VS2010\VC\bin\link.exe /ERRORREPORT:PROMPT /OUT:"C:\Users\谨旭\Desktop\c语言\project2\Debug\project2.exe" /NOLOGO kernel32.lib user32.lib gdi32.lib winspool.lib comdlg32.lib advapi32.lib shell32.lib ole32.lib oleaut32.lib uuid.lib odbc32.lib odbccp32.lib /MANIFEST /ManifestFile:"Debug\project2.exe.intermediate.manifest" /MANIFESTUAC:"level='asInvoker' uiAccess='false'" /DEBUG /PDB:"C:\Users\谨旭\Desktop\c语言\project2\Debug\project2.pdb" /SUBSYSTEM:CONSOLE /TLBID:1 /DYNAMICBASE /NXCOMPAT /IMPLIB:"C:\Users\谨旭\Desktop\c语言\project2\Debug\project2.lib" /MACHINE:X86 Debug\test.obj
         Debug\test2.obj
         LINK : 没有找到 C:\Users\谨旭\Desktop\c语言\project2\Debug\project2.exe 或上一个增量链接没有生成它；正在执行完全链接
         project2.vcxproj -> C:\Users\谨旭\Desktop\c语言\project2\Debug\project2.exe
       Manifest:
         c:\Program Files (x86)\Microsoft SDKs\Windows\v7.0A\bin\mt.exe /nologo /verbose /outputresource:"C:\Users\谨旭\Desktop\c语言\project2\Debug\project2.exe;#1" /manifest Debug\project2.exe.intermediate.manifest
       FinalizeBuildStatus:
         正在删除文件“Debug\project2.unsuccessfulbuild”。
         正在对“Debug\project2.lastbuildstate”执行 Touch 任务。
     1>已完成生成项目“C:\Users\谨旭\Desktop\c语言\project2\project2\project2.vcxproj”(build 个目标)的操作。

生成成功。

已用时间 00:00:00.88
